[ 2018-04-22T15:23:21+08:00 ] 125.93.80.226 /aaa/Template/admin/resources/ui/lib/Highcharts1/4.1.7/4.1.7/js/modules/exporting.js
INFO: [ app_init ] --START--
INFO: Run Behavior\BuildLiteBehavior [ RunTime:0.000000s ]
INFO: [ app_init ] --END-- [ RunTime:0.000000s ]
INFO: [ app_begin ] --START--
INFO: Run Behavior\ReadHtmlCacheBehavior [ RunTime:0.015625s ]
INFO: Run Behavior\CheckLangBehavior [ RunTime:0.015625s ]
INFO: [ app_begin ] --END-- [ RunTime:0.031250s ]
ERR: 无法加载控制器:Template

[ 2018-04-22T15:23:23+08:00 ] 125.93.80.226 /aaa/Template/admin/resources/ui/lib/Highcharts1/4.1.7/4.1.7/js/modules/exporting.js
INFO: [ app_init ] --START--
INFO: Run Behavior\BuildLiteBehavior [ RunTime:0.000000s ]
INFO: [ app_init ] --END-- [ RunTime:0.000000s ]
INFO: [ app_begin ] --START--
INFO: Run Behavior\ReadHtmlCacheBehavior [ RunTime:0.015625s ]
INFO: Run Behavior\CheckLangBehavior [ RunTime:0.000000s ]
INFO: [ app_begin ] --END-- [ RunTime:0.015625s ]
ERR: 无法加载控制器:Template

[ 2018-04-22T15:23:26+08:00 ] 125.93.80.226 /aaa/Template/admin/resources/ui/lib/Highcharts1/4.1.7/4.1.7/js/modules/exporting.js
INFO: [ app_init ] --START--
INFO: Run Behavior\BuildLiteBehavior [ RunTime:0.000000s ]
INFO: [ app_init ] --END-- [ RunTime:0.000000s ]
INFO: [ app_begin ] --START--
INFO: Run Behavior\ReadHtmlCacheBehavior [ RunTime:0.000000s ]
INFO: Run Behavior\CheckLangBehavior [ RunTime:0.015625s ]
INFO: [ app_begin ] --END-- [ RunTime:0.015625s ]
ERR: 无法加载控制器:Template

[ 2018-04-22T15:29:20+08:00 ] 125.93.80.226 /aaa/Template/admin/resources/ui/lib/KindEditor/lang/zh-CN.js
INFO: [ app_init ] --START--
INFO: Run Behavior\BuildLiteBehavior [ RunTime:0.000000s ]
INFO: [ app_init ] --END-- [ RunTime:0.000000s ]
INFO: [ app_begin ] --START--
INFO: Run Behavior\ReadHtmlCacheBehavior [ RunTime:0.015625s ]
INFO: Run Behavior\CheckLangBehavior [ RunTime:0.000000s ]
INFO: [ app_begin ] --END-- [ RunTime:0.015625s ]
ERR: 无法加载控制器:Template

[ 2018-04-22T15:29:37+08:00 ] 125.93.80.226 /aaa/Template/admin/resources/ui/lib/KindEditor/lang/zh-CN.js
INFO: [ app_init ] --START--
INFO: Run Behavior\BuildLiteBehavior [ RunTime:0.000000s ]
INFO: [ app_init ] --END-- [ RunTime:0.000000s ]
INFO: [ app_begin ] --START--
INFO: Run Behavior\ReadHtmlCacheBehavior [ RunTime:0.015625s ]
INFO: Run Behavior\CheckLangBehavior [ RunTime:0.000000s ]
INFO: [ app_begin ] --END-- [ RunTime:0.015625s ]
ERR: 无法加载控制器:Template

[ 2018-04-22T15:29:45+08:00 ] 125.93.80.226 /aaa/Template/admin/resources/ui/lib/KindEditor/lang/zh-CN.js
INFO: [ app_init ] --START--
INFO: Run Behavior\BuildLiteBehavior [ RunTime:0.000000s ]
INFO: [ app_init ] --END-- [ RunTime:0.000000s ]
INFO: [ app_begin ] --START--
INFO: Run Behavior\ReadHtmlCacheBehavior [ RunTime:0.000000s ]
INFO: Run Behavior\CheckLangBehavior [ RunTime:0.000000s ]
INFO: [ app_begin ] --END-- [ RunTime:0.015625s ]
ERR: 无法加载控制器:Template

